<?xml version="1.0" encoding="UTF-8"?>
<testsuite xmlns:xsi="http://www.w3.org/2001/XMLSchema-instance" xsi:noNamespaceSchemaLocation="https://maven.apache.org/surefire/maven-surefire-plugin/xsd/surefire-test-report.xsd" name="com.stackroute.keepnote.test.controller.NoteControllerTest" time="3.456" tests="12" errors="0" skipped="0" failures="0">
  <properties>
[...]
</properties>
  <testcase name="deleteAllNotesSuccess" classname="com.stackroute.keepnote.test.controller.NoteControllerTest" time="0.115"/>
  <testcase name="updateNoteSuccess" classname="com.stackroute.keepnote.test.controller.NoteControllerTest" time="0.155"/>
  <testcase name="deleteAllNotesFailure" classname="com.stackroute.keepnote.test.controller.NoteControllerTest" time="0.03"/>
  <testcase name="getAllNotesByUserIdSuccess" classname="com.stackroute.keepnote.test.controller.NoteControllerTest" time="0.071"/>
  <testcase name="updateNoteFailure" classname="com.stackroute.keepnote.test.controller.NoteControllerTest" time="0.004"/>
  <testcase name="deleteNoteSuccess" classname="com.stackroute.keepnote.test.controller.NoteControllerTest" time="0.016"/>
  <testcase name="getAllNotesByUserIdFailure" classname="com.stackroute.keepnote.test.controller.NoteControllerTest" time="0.046"/>
  <testcase name="addNoteSuccess" classname="com.stackroute.keepnote.test.controller.NoteControllerTest" time="0.015"/>
  <testcase name="getNoteByIdSuccess" classname="com.stackroute.keepnote.test.controller.NoteControllerTest" time="0.045"/>
  <testcase name="deleteNoteFailure" classname="com.stackroute.keepnote.test.controller.NoteControllerTest" time="0.007"/>
  <testcase name="addNoteFailure" classname="com.stackroute.keepnote.test.controller.NoteControllerTest" time="0.044"/>
  <testcase name="getNoteByIdFailure" classname="com.stackroute.keepnote.test.controller.NoteControllerTest" time="0.016"/>
</testsuite>